Copyright 1986-2021 Xilinx, Inc. All Rights Reserved.
------------------------------------------------------------------------------------
| Tool Version : Vivado v.2021.1 (win64) Build 3247384 Thu Jun 10 19:36:33 MDT 2021
| Date         : Sun Mar 20 21:14:45 2022
| Host         : LAPTOP-HYJWPK running 64-bit major release  (build 9200)
| Command      : report_control_sets -verbose -file fls_control_sets_placed.rpt
| Design       : fls
| Device       : xc7a100t
------------------------------------------------------------------------------------

Control Set Information

Table of Contents
-----------------
1. Summary
2. Histogram
3. Flip-Flop Distribution
4. Detailed Control Set Information

1. Summary
----------

+----------------------------------------------------------+-------+
|                          Status                          | Count |
+----------------------------------------------------------+-------+
| Total control sets                                       |     4 |
|    Minimum number of control sets                        |     4 |
|    Addition due to synthesis replication                 |     0 |
|    Addition due to physical synthesis replication        |     0 |
| Unused register locations in slices containing registers |     9 |
+----------------------------------------------------------+-------+
* Control sets can be merged at opt_design using control_set_merge or merge_equivalent_drivers
** Run report_qor_suggestions for automated merging and remapping suggestions


2. Histogram
------------

+--------------------+-------+
|       Fanout       | Count |
+--------------------+-------+
| Total control sets |     4 |
| >= 0 to < 4        |     0 |
| >= 4 to < 6        |     2 |
| >= 6 to < 8        |     2 |
| >= 8 to < 10       |     0 |
| >= 10 to < 12      |     0 |
| >= 12 to < 14      |     0 |
| >= 14 to < 16      |     0 |
| >= 16              |     0 |
+--------------------+-------+
* Control sets can be remapped at either synth_design or opt_design


3. Flip-Flop Distribution
-------------------------

+--------------+-----------------------+------------------------+-----------------+--------------+
| Clock Enable | Synchronous Set/Reset | Asynchronous Set/Reset | Total Registers | Total Slices |
+--------------+-----------------------+------------------------+-----------------+--------------+
| No           | No                    | No                     |               5 |            1 |
| No           | No                    | Yes                    |               0 |            0 |
| No           | Yes                   | No                     |               0 |            0 |
| Yes          | No                    | No                     |               7 |            2 |
| Yes          | No                    | Yes                    |               0 |            0 |
| Yes          | Yes                   | No                     |              11 |            3 |
+--------------+-----------------------+------------------------+-----------------+--------------+


4. Detailed Control Set Information
-----------------------------------

+----------------+------------------+-----------------------------+------------------+----------------+--------------+
|  Clock Signal  |   Enable Signal  |       Set/Reset Signal      | Slice Load Count | Bel Load Count | Bels / Slice |
+----------------+------------------+-----------------------------+------------------+----------------+--------------+
|  clk_IBUF_BUFG | jitter_clr/sel   | jitter_clr/clear            |                1 |              4 |         4.00 |
|  clk_IBUF_BUFG |                  |                             |                1 |              5 |         5.00 |
|  clk_IBUF_BUFG | signal_edge/fn_1 | signal_edge/button_r1_reg_0 |                2 |              7 |         3.50 |
|  clk_IBUF_BUFG | signal_edge/E[0] |                             |                2 |              7 |         3.50 |
+----------------+------------------+-----------------------------+------------------+----------------+--------------+


