Copyright 1986-2021 Xilinx, Inc. All Rights Reserved.
------------------------------------------------------------------------------------
| Tool Version : Vivado v.2021.1 (win64) Build 3247384 Thu Jun 10 19:36:33 MDT 2021
| Date         : Sat Mar 26 15:28:12 2022
| Host         : LAPTOP-HYJWPK running 64-bit major release  (build 9200)
| Command      : report_incremental_reuse -file FIFO_incremental_reuse_routed.rpt
| Design       : FIFO
| Device       : xc7a100t
| Design State : Routed
------------------------------------------------------------------------------------

Incremental Implementation Information

Table of Contents
-----------------
1. Incremental Flow Summary
2. Reuse Summary
3. Reference Checkpoint Information
4. Comparison with Reference Run
5. Optimization Comparison With Reference Run
5.1 iphys_opt_replay Optimizations
5.2 QoR Suggestion Optimizations
6. Command Comparison with Reference Run
6.1 Reference:
6.2 Incremental:
7. Non Reuse Information

1. Incremental Flow Summary
---------------------------

+-----------------------+------------------+
|    Flow Information   |       Value      |
+-----------------------+------------------+
| Synthesis Flow        |          Default |
| Auto Incremental      |              Yes |
| Incremental Directive | RuntimeOptimized |
| Reuse mode            |             High |
| Target WNS            |              0.0 |
| QoR Suggestions       |                0 |
+-----------------------+------------------+


2. Reuse Summary
----------------

+-------+------------------------------+------------------------------------+----------------------------+--------------------+-------+
|  Type | Matched % (of Initial Total) | Initial Reuse % (of Initial Total) | Current Reuse % (of Total) | Fixed % (of Total) | Total |
+-------+------------------------------+------------------------------------+----------------------------+--------------------+-------+
| Cells |                       100.00 |                             100.00 |                     100.00 |              14.00 |   150 |
| Nets  |                       100.00 |                             100.00 |                     100.00 |               0.00 |   102 |
| Pins  |                            - |                             100.00 |                     100.00 |                  - |   516 |
| Ports |                       100.00 |                             100.00 |                     100.00 |             100.00 |    21 |
+-------+------------------------------+------------------------------------+----------------------------+--------------------+-------+


3. Reference Checkpoint Information
-----------------------------------

+----------------+----------------------------------------------------------------------+
| DCP Location:  | C:/Users/wangc/lab2/lab2.srcs/utils_1/imports/impl_1/fifo_routed.dcp |
+----------------+----------------------------------------------------------------------+


+--------------------------------+----------------------------+
|         DCP Information        |            Value           |
+--------------------------------+----------------------------+
| Vivado Version                 |                     2021.1 |
| DCP State                      |                 POST_ROUTE |
| Recorded WNS                   |                      4.865 |
| Recorded WHS                   |                      0.195 |
| Reference Speed File Version   | PRODUCTION 1.23 2018-06-13 |
| Incremental Speed File Version | PRODUCTION 1.23 2018-06-13 |
+--------------------------------+----------------------------+
* Recorded WNS/WHS timing numbers are estimated timing numbers. They may vary slightly from sign-off timing numbers.


4. Comparison with Reference Run
--------------------------------

+-----------------+---------------------------+---------------------------+---------------------------+
|                 |          WNS(ns)          |  Runtime(elapsed)(hh:mm)  |    Runtime(cpu)(hh:mm)    |
+-----------------+-------------+-------------+-------------+-------------+-------------+-------------+
|      Stage      |  Reference  | Incremental |  Reference  | Incremental |  Reference  | Incremental |
+-----------------+-------------+-------------+-------------+-------------+-------------+-------------+
| synth_design    |             |             |     < 1 min |     < 1 min |     < 1 min |     < 1 min |
| opt_design      |             |             |     < 1 min |     < 1 min |     < 1 min |     < 1 min |
| read_checkpoint |             |             |     < 1 min |     < 1 min |     < 1 min |     < 1 min |
| place_design    |       5.171 |       4.865 |     < 1 min |     < 1 min |     < 1 min |     < 1 min |
| route_design    |       4.865 |       4.865 |       00:01 |     < 1 min |       00:01 |     < 1 min |
+-----------------+-------------+-------------+-------------+-------------+-------------+-------------+


5. Optimization Comparison With Reference Run
---------------------------------------------

5.1 iphys_opt_replay Optimizations
----------------------------------

+-------------------------+--------+------------+
| iphys_opt_design replay | Reused | Not Reused |
+-------------------------+--------+------------+


5.2 QoR Suggestion Optimizations
--------------------------------

+-----------------+-------+
| QoR Suggestions | Value |
+-----------------+-------+


6. Command Comparison with Reference Run
----------------------------------------

6.1 Reference:
--------------
synth_design -directive runtimeoptimized -fsm_extraction off -flatten_hierarchy none -verilog_define default::[not_specified] -top  FIFO -part  xc7a100tcsg324-1 
opt_design -directive RuntimeOptimized
read_checkpoint -directive RuntimeOptimized  -incremental -auto_incremental C:/Users/wangc/lab2/lab2.srcs/utils_1/imports/impl_1/fifo_routed.dcp
place_design -directive Default
route_design -directive Default

6.2 Incremental:
----------------
synth_design -directive runtimeoptimized -fsm_extraction off -flatten_hierarchy none -verilog_define default::[not_specified] -top  FIFO -part  xc7a100tcsg324-1 
opt_design -directive RuntimeOptimized
read_checkpoint -directive RuntimeOptimized  -incremental -auto_incremental C:/Users/wangc/lab2/lab2.srcs/utils_1/imports/impl_1/fifo_routed.dcp
place_design -directive Default
route_design

7. Non Reuse Information
------------------------

+-----------------------+------+
|          Type         |   %  |
+-----------------------+------+
| Non-Reused Cells      | 0.00 |
| Partially reused nets | 0.00 |
| Non-Reused nets       | 0.00 |
| Non-Reused Ports      | 0.00 |
+-----------------------+------+


