#-----------------------------------------------------------
# Vivado v2021.1 (64-bit)
# SW Build 3247384 on Thu Jun 10 19:36:33 MDT 2021
# IP Build 3246043 on Fri Jun 11 00:30:35 MDT 2021
# Start of session at: Sun Apr 17 17:22:43 2022
# Process ID: 18896
# Current directory: C:/Users/wangc/lab5.no.forwarding.hazard
# Command line: vivado.exe -gui_launcher_event rodinguilauncherevent26116 C:\Users\wangc\lab5.no.forwarding.hazard\lab5.no.forwarding.hazard.xpr
# Log file: C:/Users/wangc/lab5.no.forwarding.hazard/vivado.log
# Journal file: C:/Users/wangc/lab5.no.forwarding.hazard\vivado.jou
#-----------------------------------------------------------
start_gui
open_project C:/Users/wangc/lab5.no.forwarding.hazard/lab5.no.forwarding.hazard.xpr
WARNING: [filemgmt 56-3] Default IP Output Path : Could not find the directory 'C:/Users/wangc/lab5.no.forwarding.hazard/lab5.no.forwarding.hazard.gen/sources_1'.
Scanning sources...
Finished scanning sources
INFO: [IP_Flow 19-234] Refreshing IP repositories
INFO: [IP_Flow 19-1704] No user IP repositories specified
INFO: [IP_Flow 19-2313] Loaded Vivado IP repository 'C:/Xilinx/Vivado/2021.1/data/ip'.
open_project: Time (s): cpu = 00:00:21 ; elapsed = 00:00:09 . Memory (MB): peak = 1463.805 ; gain = 0.000
update_compile_order -fileset sources_1
generate_target all [get_files  C:/Users/wangc/lab5.no.forwarding.hazard/lab5.no.forwarding.hazard.srcs/sources_1/ip/dist_mem_gen_0/dist_mem_gen_0.xci]
INFO: [IP_Flow 19-1686] Generating 'Instantiation Template' target for IP 'dist_mem_gen_0'...
INFO: [IP_Flow 19-1686] Generating 'Synthesis' target for IP 'dist_mem_gen_0'...
INFO: [IP_Flow 19-1686] Generating 'Simulation' target for IP 'dist_mem_gen_0'...
INFO: [IP_Flow 19-1686] Generating 'Change Log' target for IP 'dist_mem_gen_0'...
catch { config_ip_cache -export [get_ips -all dist_mem_gen_0] }
export_ip_user_files -of_objects [get_files C:/Users/wangc/lab5.no.forwarding.hazard/lab5.no.forwarding.hazard.srcs/sources_1/ip/dist_mem_gen_0/dist_mem_gen_0.xci] -no_script -sync -force -quiet
create_ip_run [get_files -of_objects [get_fileset sources_1] C:/Users/wangc/lab5.no.forwarding.hazard/lab5.no.forwarding.hazard.srcs/sources_1/ip/dist_mem_gen_0/dist_mem_gen_0.xci]
launch_runs dist_mem_gen_0_synth_1 -jobs 16
[Sun Apr 17 17:23:29 2022] Launched dist_mem_gen_0_synth_1...
Run output will be captured here: C:/Users/wangc/lab5.no.forwarding.hazard/lab5.no.forwarding.hazard.runs/dist_mem_gen_0_synth_1/runme.log
export_simulation -of_objects [get_files C:/Users/wangc/lab5.no.forwarding.hazard/lab5.no.forwarding.hazard.srcs/sources_1/ip/dist_mem_gen_0/dist_mem_gen_0.xci] -directory C:/Users/wangc/lab5.no.forwarding.hazard/lab5.no.forwarding.hazard.ip_user_files/sim_scripts -ip_user_files_dir C:/Users/wangc/lab5.no.forwarding.hazard/lab5.no.forwarding.hazard.ip_user_files -ipstatic_source_dir C:/Users/wangc/lab5.no.forwarding.hazard/lab5.no.forwarding.hazard.ip_user_files/ipstatic -lib_map_path [list {modelsim=C:/Users/wangc/lab5.no.forwarding.hazard/lab5.no.forwarding.hazard.cache/compile_simlib/modelsim} {questa=C:/Users/wangc/lab5.no.forwarding.hazard/lab5.no.forwarding.hazard.cache/compile_simlib/questa} {riviera=C:/Users/wangc/lab5.no.forwarding.hazard/lab5.no.forwarding.hazard.cache/compile_simlib/riviera} {activehdl=C:/Users/wangc/lab5.no.forwarding.hazard/lab5.no.forwarding.hazard.cache/compile_simlib/activehdl}] -use_ip_compiled_libs -force -quiet
reset_target all [get_files  C:/Users/wangc/lab5.no.forwarding.hazard/lab5.no.forwarding.hazard.srcs/sources_1/ip/dist_mem_gen_1/dist_mem_gen_1.xci]
export_ip_user_files -of_objects  [get_files  C:/Users/wangc/lab5.no.forwarding.hazard/lab5.no.forwarding.hazard.srcs/sources_1/ip/dist_mem_gen_1/dist_mem_gen_1.xci] -sync -no_script -force -quiet
delete_ip_run [get_files -of_objects [get_fileset dist_mem_gen_1] C:/Users/wangc/lab5.no.forwarding.hazard/lab5.no.forwarding.hazard.srcs/sources_1/ip/dist_mem_gen_1/dist_mem_gen_1.xci]
WARNING: [Vivado 12-1017] Problems encountered:
1. Failed to delete one or more files in run directory C:/Users/wangc/lab5.no.forwarding.hazard/lab5.no.forwarding.hazard.runs/dist_mem_gen_1_synth_1

INFO: [Project 1-386] Moving file 'C:/Users/wangc/lab5.no.forwarding.hazard/lab5.no.forwarding.hazard.srcs/sources_1/ip/dist_mem_gen_1/dist_mem_gen_1.xci' from fileset 'dist_mem_gen_1' to fileset 'sources_1'.
generate_target all [get_files  C:/Users/wangc/lab5.no.forwarding.hazard/lab5.no.forwarding.hazard.srcs/sources_1/ip/dist_mem_gen_1/dist_mem_gen_1.xci]
INFO: [IP_Flow 19-1686] Generating 'Instantiation Template' target for IP 'dist_mem_gen_1'...
INFO: [IP_Flow 19-1686] Generating 'Synthesis' target for IP 'dist_mem_gen_1'...
INFO: [IP_Flow 19-1686] Generating 'Simulation' target for IP 'dist_mem_gen_1'...
INFO: [IP_Flow 19-1686] Generating 'Change Log' target for IP 'dist_mem_gen_1'...
catch { config_ip_cache -export [get_ips -all dist_mem_gen_1] }
export_ip_user_files -of_objects [get_files C:/Users/wangc/lab5.no.forwarding.hazard/lab5.no.forwarding.hazard.srcs/sources_1/ip/dist_mem_gen_1/dist_mem_gen_1.xci] -no_script -sync -force -quiet
create_ip_run [get_files -of_objects [get_fileset sources_1] C:/Users/wangc/lab5.no.forwarding.hazard/lab5.no.forwarding.hazard.srcs/sources_1/ip/dist_mem_gen_1/dist_mem_gen_1.xci]
launch_runs dist_mem_gen_1_synth_1 -jobs 16
[Sun Apr 17 17:23:45 2022] Launched dist_mem_gen_1_synth_1...
Run output will be captured here: C:/Users/wangc/lab5.no.forwarding.hazard/lab5.no.forwarding.hazard.runs/dist_mem_gen_1_synth_1/runme.log
export_simulation -of_objects [get_files C:/Users/wangc/lab5.no.forwarding.hazard/lab5.no.forwarding.hazard.srcs/sources_1/ip/dist_mem_gen_1/dist_mem_gen_1.xci] -directory C:/Users/wangc/lab5.no.forwarding.hazard/lab5.no.forwarding.hazard.ip_user_files/sim_scripts -ip_user_files_dir C:/Users/wangc/lab5.no.forwarding.hazard/lab5.no.forwarding.hazard.ip_user_files -ipstatic_source_dir C:/Users/wangc/lab5.no.forwarding.hazard/lab5.no.forwarding.hazard.ip_user_files/ipstatic -lib_map_path [list {modelsim=C:/Users/wangc/lab5.no.forwarding.hazard/lab5.no.forwarding.hazard.cache/compile_simlib/modelsim} {questa=C:/Users/wangc/lab5.no.forwarding.hazard/lab5.no.forwarding.hazard.cache/compile_simlib/questa} {riviera=C:/Users/wangc/lab5.no.forwarding.hazard/lab5.no.forwarding.hazard.cache/compile_simlib/riviera} {activehdl=C:/Users/wangc/lab5.no.forwarding.hazard/lab5.no.forwarding.hazard.cache/compile_simlib/activehdl}] -use_ip_compiled_libs -force -quiet
reset_run synth_1
WARNING: [Vivado 12-1017] Problems encountered:
1. Failed to delete one or more files in run directory C:/Users/wangc/lab5.no.forwarding.hazard/lab5.no.forwarding.hazard.runs/synth_1

launch_runs impl_1 -to_step write_bitstream -jobs 16
[Sun Apr 17 17:24:49 2022] Launched synth_1...
Run output will be captured here: C:/Users/wangc/lab5.no.forwarding.hazard/lab5.no.forwarding.hazard.runs/synth_1/runme.log
[Sun Apr 17 17:24:49 2022] Launched impl_1...
Run output will be captured here: C:/Users/wangc/lab5.no.forwarding.hazard/lab5.no.forwarding.hazard.runs/impl_1/runme.log
exit
INFO: [Common 17-206] Exiting Vivado at Sun Apr 17 17:28:20 2022...
